Start testing: Oct 22 13:30 RTZ 2 (ceia)
----------------------------------------------------------
1/1 Testing: unit_tests
1/1 Test: unit_tests
Command: "C:/Users/Admin/Source/Repos/Deodand/3-in-a-row-game/build/tests/Debug/unit_tests.exe"
Directory: C:/Users/Admin/Source/Repos/Deodand/3-in-a-row-game/build/tests
"unit_tests" start time: Oct 22 13:30 RTZ 2 (ceia)
Output:
----------------------------------------------------------
[==========] Running 2 tests from 1 test case.
[----------] Global test environment set-up.
[----------] 2 tests from basic_check
[ RUN      ] basic_check.test_eq
[       OK ] basic_check.test_eq (0 ms)
[ RUN      ] basic_check.test_neq
[       OK ] basic_check.test_neq (0 ms)
[----------] 2 tests from basic_check (0 ms total)

[----------] Global test environment tear-down
[==========] 2 tests from 1 test case ran. (0 ms total)
[  PASSED  ] 2 tests.
<end of output>
Test time =   0.01 sec
----------------------------------------------------------
Test Passed.
"unit_tests" end time: Oct 22 13:30 RTZ 2 (ceia)
"unit_tests" time elapsed: 00:00:00
----------------------------------------------------------

End testing: Oct 22 13:30 RTZ 2 (ceia)
